2022-02-21 13:27:59,907:WARNING:The --reload flag should not be used in production on Windows.
2022-02-21 13:27:59,907:DEBUG:Using selector: SelectSelector
2022-02-21 13:27:59,969:INFO:Started server process [3828]
2022-02-21 13:27:59,969:INFO:Waiting for application startup.
2022-02-21 13:27:59,969:INFO:Application startup complete.
2022-02-21 13:28:04,120:WARNING:The --reload flag should not be used in production on Windows.
2022-02-21 13:28:04,122:DEBUG:Using selector: SelectSelector
2022-02-21 13:28:04,167:INFO:Started server process [10828]
2022-02-21 13:28:04,167:INFO:Waiting for application startup.
2022-02-21 13:28:04,167:INFO:Application startup complete.
2022-02-21 13:28:05,297:WARNING:The --reload flag should not be used in production on Windows.
2022-02-21 13:28:05,308:DEBUG:Using selector: SelectSelector
2022-02-21 13:28:05,462:INFO:Started server process [9084]
2022-02-21 13:28:05,462:INFO:Waiting for application startup.
2022-02-21 13:28:05,462:INFO:Application startup complete.
2022-02-21 13:28:11,233:WARNING:The --reload flag should not be used in production on Windows.
2022-02-21 13:28:11,233:DEBUG:Using selector: SelectSelector
2022-02-21 13:28:11,274:INFO:Started server process [6228]
2022-02-21 13:28:11,275:INFO:Waiting for application startup.
2022-02-21 13:28:11,275:INFO:Application startup complete.
2022-02-21 13:28:15,884:WARNING:The --reload flag should not be used in production on Windows.
2022-02-21 13:28:15,884:DEBUG:Using selector: SelectSelector
2022-02-21 13:28:15,924:INFO:Started server process [13760]
2022-02-21 13:28:15,925:INFO:Waiting for application startup.
2022-02-21 13:28:15,925:INFO:Application startup complete.
2022-02-21 14:01:01,797:WARNING:The --reload flag should not be used in production on Windows.
2022-02-21 14:01:01,797:DEBUG:Using selector: SelectSelector
2022-02-21 14:01:01,840:INFO:Started server process [13088]
2022-02-21 14:01:01,840:INFO:Waiting for application startup.
2022-02-21 14:01:01,840:INFO:Application startup complete.
2022-02-21 14:04:58,466:INFO:Will watch for changes in these directories: ['C:\\Users\\el_ghizi_yassine\\PycharmProjects\\unoScrapping\\fastapi']
2022-02-21 14:04:58,467:INFO:Uvicorn running on http://127.0.0.1:9999 (Press CTRL+C to quit)
2022-02-21 14:04:58,467:INFO:Started reloader process [12364] using statreload
2022-02-21 14:04:59,496:WARNING:The --reload flag should not be used in production on Windows.
2022-02-21 14:04:59,500:DEBUG:Using selector: SelectSelector
2022-02-21 14:04:59,642:INFO:Started server process [10060]
2022-02-21 14:04:59,642:INFO:Waiting for application startup.
2022-02-21 14:04:59,642:INFO:Application startup complete.
2022-02-21 14:41:44,605:WARNING:StatReload detected file change in 'api.py'. Reloading...
2022-02-21 14:41:45,275:WARNING:The --reload flag should not be used in production on Windows.
2022-02-21 14:41:45,276:DEBUG:Using selector: SelectSelector
2022-02-21 14:41:45,291:WARNING:The --reload flag should not be used in production on Windows.
2022-02-21 14:41:45,291:DEBUG:Using selector: SelectSelector
2022-02-21 14:41:45,339:INFO:Started server process [20560]
2022-02-21 14:41:45,340:INFO:Waiting for application startup.
2022-02-21 14:41:45,340:INFO:Application startup complete.
2022-02-21 14:41:45,470:INFO:Started server process [28720]
2022-02-21 14:41:45,471:INFO:Waiting for application startup.
2022-02-21 14:41:45,471:INFO:Application startup complete.
2022-02-21 14:50:41,723:WARNING:StatReload detected file change in 'api.py'. Reloading...
2022-02-21 14:50:42,297:WARNING:The --reload flag should not be used in production on Windows.
2022-02-21 14:50:42,298:DEBUG:Using selector: SelectSelector
2022-02-21 14:50:42,319:WARNING:The --reload flag should not be used in production on Windows.
2022-02-21 14:50:42,319:DEBUG:Using selector: SelectSelector
2022-02-21 14:50:42,359:INFO:Started server process [24180]
2022-02-21 14:50:42,360:INFO:Waiting for application startup.
2022-02-21 14:50:42,360:INFO:Application startup complete.
2022-02-21 14:50:42,372:INFO:Started server process [16664]
2022-02-21 14:50:42,373:INFO:Waiting for application startup.
2022-02-21 14:50:42,373:INFO:Application startup complete.
2022-02-21 14:54:28,450:WARNING:StatReload detected file change in 'api.py'. Reloading...
2022-02-21 14:54:29,556:WARNING:The --reload flag should not be used in production on Windows.
2022-02-21 14:54:29,556:DEBUG:Using selector: SelectSelector
2022-02-21 14:54:29,586:WARNING:The --reload flag should not be used in production on Windows.
2022-02-21 14:54:29,586:DEBUG:Using selector: SelectSelector
2022-02-21 14:54:29,600:INFO:Started server process [37476]
2022-02-21 14:54:29,600:INFO:Waiting for application startup.
2022-02-21 14:54:29,600:INFO:Application startup complete.
2022-02-21 14:54:29,625:INFO:Started server process [34132]
2022-02-21 14:54:29,625:INFO:Waiting for application startup.
2022-02-21 14:54:29,625:INFO:Application startup complete.
2022-02-21 14:55:37,681:WARNING:StatReload detected file change in 'api.py'. Reloading...
2022-02-21 14:55:42,567:WARNING:StatReload detected file change in 'api.py'. Reloading...
2022-02-21 14:55:46,219:WARNING:StatReload detected file change in 'api.py'. Reloading...
2022-02-21 14:55:56,673:WARNING:StatReload detected file change in 'api.py'. Reloading...
2022-02-21 14:56:15,795:WARNING:StatReload detected file change in 'api.py'. Reloading...
2022-02-21 14:56:33,500:INFO:Stopping reloader process [12364]
2022-02-21 16:21:02,503:ERROR:Form data requires "python-multipart" to be installed. 
You can install "python-multipart" with: 

pip install python-multipart

2022-02-21 16:21:33,159:INFO:Will watch for changes in these directories: ['C:\\Users\\el_ghizi_yassine\\PycharmProjects\\unoScrapping\\fastapi']
2022-02-21 16:21:33,165:INFO:Uvicorn running on http://127.0.0.1:9999 (Press CTRL+C to quit)
2022-02-21 16:21:33,165:INFO:Started reloader process [12940] using statreload
2022-02-21 16:21:34,066:WARNING:The --reload flag should not be used in production on Windows.
2022-02-21 16:21:34,067:DEBUG:Using selector: SelectSelector
2022-02-21 16:21:34,181:INFO:Started server process [2280]
2022-02-21 16:21:34,181:INFO:Waiting for application startup.
2022-02-21 16:21:34,181:INFO:Application startup complete.
2022-02-21 16:22:44,729:WARNING:StatReload detected file change in 'api.py'. Reloading...
2022-02-21 16:22:45,614:WARNING:The --reload flag should not be used in production on Windows.
2022-02-21 16:22:45,614:DEBUG:Using selector: SelectSelector
2022-02-21 16:22:45,712:INFO:Started server process [5268]
2022-02-21 16:22:45,712:INFO:Waiting for application startup.
2022-02-21 16:22:45,712:INFO:Application startup complete.
2022-02-21 16:23:59,375:DEBUG:Calling on_part_begin with no data
2022-02-21 16:23:59,375:DEBUG:Calling on_header_field with data[54:73]
2022-02-21 16:23:59,375:DEBUG:Calling on_header_value with data[75:97]
2022-02-21 16:23:59,376:DEBUG:Calling on_header_end with no data
2022-02-21 16:23:59,376:DEBUG:Calling on_headers_finished with no data
2022-02-21 16:23:59,376:DEBUG:Calling on_part_data with data[101:110]
2022-02-21 16:23:59,376:DEBUG:Calling on_part_end with no data
2022-02-21 16:23:59,376:DEBUG:Calling on_part_begin with no data
2022-02-21 16:23:59,376:DEBUG:Calling on_header_field with data[166:185]
2022-02-21 16:23:59,376:DEBUG:Calling on_header_value with data[187:208]
2022-02-21 16:23:59,376:DEBUG:Calling on_header_end with no data
2022-02-21 16:23:59,376:DEBUG:Calling on_headers_finished with no data
2022-02-21 16:23:59,377:DEBUG:Calling on_part_data with data[212:214]
2022-02-21 16:23:59,377:DEBUG:Calling on_part_end with no data
2022-02-21 16:23:59,377:DEBUG:Calling on_end with no data
2022-02-21 16:24:51,841:WARNING:StatReload detected file change in 'api.py'. Reloading...
2022-02-21 16:24:52,839:WARNING:The --reload flag should not be used in production on Windows.
2022-02-21 16:24:52,841:DEBUG:Using selector: SelectSelector
2022-02-21 16:24:52,986:INFO:Started server process [8252]
2022-02-21 16:24:52,986:INFO:Waiting for application startup.
2022-02-21 16:24:52,987:INFO:Application startup complete.
2022-02-21 16:25:09,184:WARNING:StatReload detected file change in 'api.py'. Reloading...
2022-02-21 16:25:10,322:WARNING:The --reload flag should not be used in production on Windows.
2022-02-21 16:25:10,322:DEBUG:Using selector: SelectSelector
2022-02-21 16:25:10,388:INFO:Started server process [10780]
2022-02-21 16:25:10,388:INFO:Waiting for application startup.
2022-02-21 16:25:10,388:INFO:Application startup complete.
2022-02-21 16:25:21,147:WARNING:StatReload detected file change in 'api.py'. Reloading...
2022-02-21 16:25:22,029:WARNING:The --reload flag should not be used in production on Windows.
2022-02-21 16:25:22,034:DEBUG:Using selector: SelectSelector
2022-02-21 16:25:22,118:INFO:Started server process [12080]
2022-02-21 16:25:22,119:INFO:Waiting for application startup.
2022-02-21 16:25:22,119:INFO:Application startup complete.
2022-02-21 16:25:22,996:WARNING:StatReload detected file change in 'api.py'. Reloading...
2022-02-21 16:25:24,124:WARNING:The --reload flag should not be used in production on Windows.
2022-02-21 16:25:24,124:DEBUG:Using selector: SelectSelector
2022-02-21 16:25:24,219:INFO:Started server process [6752]
2022-02-21 16:25:24,219:INFO:Waiting for application startup.
2022-02-21 16:25:24,219:INFO:Application startup complete.
2022-02-21 16:29:23,533:WARNING:StatReload detected file change in 'api.py'. Reloading...
2022-02-21 16:29:24,629:WARNING:The --reload flag should not be used in production on Windows.
2022-02-21 16:29:24,630:DEBUG:Using selector: SelectSelector
2022-02-21 16:29:24,754:INFO:Started server process [11780]
2022-02-21 16:29:24,755:INFO:Waiting for application startup.
2022-02-21 16:29:24,756:INFO:Application startup complete.
2022-02-21 16:29:30,056:WARNING:StatReload detected file change in 'api.py'. Reloading...
2022-02-21 16:29:31,054:WARNING:The --reload flag should not be used in production on Windows.
2022-02-21 16:29:31,055:DEBUG:Using selector: SelectSelector
2022-02-21 16:29:31,200:INFO:Started server process [6796]
2022-02-21 16:29:31,200:INFO:Waiting for application startup.
2022-02-21 16:29:31,200:INFO:Application startup complete.
2022-02-21 16:29:43,104:WARNING:StatReload detected file change in 'api.py'. Reloading...
2022-02-21 16:29:44,310:WARNING:The --reload flag should not be used in production on Windows.
2022-02-21 16:29:44,310:DEBUG:Using selector: SelectSelector
2022-02-21 16:29:44,371:INFO:Started server process [10860]
2022-02-21 16:29:44,371:INFO:Waiting for application startup.
2022-02-21 16:29:44,371:INFO:Application startup complete.
2022-02-21 16:30:38,552:WARNING:StatReload detected file change in 'api.py'. Reloading...
2022-02-21 16:30:39,490:WARNING:The --reload flag should not be used in production on Windows.
2022-02-21 16:30:39,490:DEBUG:Using selector: SelectSelector
2022-02-21 16:30:39,554:INFO:Started server process [10660]
2022-02-21 16:30:39,554:INFO:Waiting for application startup.
2022-02-21 16:30:39,554:INFO:Application startup complete.
2022-02-21 16:30:50,594:WARNING:StatReload detected file change in 'api.py'. Reloading...
2022-02-21 16:30:51,667:WARNING:The --reload flag should not be used in production on Windows.
2022-02-21 16:30:51,667:DEBUG:Using selector: SelectSelector
2022-02-21 16:30:51,744:INFO:Started server process [1068]
2022-02-21 16:30:51,744:INFO:Waiting for application startup.
2022-02-21 16:30:51,744:INFO:Application startup complete.
2022-02-21 16:31:13,530:WARNING:StatReload detected file change in 'api.py'. Reloading...
2022-02-21 16:31:14,385:WARNING:The --reload flag should not be used in production on Windows.
2022-02-21 16:31:14,385:DEBUG:Using selector: SelectSelector
2022-02-21 16:31:14,456:INFO:Started server process [6536]
2022-02-21 16:31:14,456:INFO:Waiting for application startup.
2022-02-21 16:31:14,456:INFO:Application startup complete.
2022-02-21 16:31:35,270:WARNING:StatReload detected file change in 'api.py'. Reloading...
2022-02-21 16:31:36,546:WARNING:The --reload flag should not be used in production on Windows.
2022-02-21 16:31:36,547:DEBUG:Using selector: SelectSelector
2022-02-21 16:31:36,633:INFO:Started server process [6328]
2022-02-21 16:31:36,634:INFO:Waiting for application startup.
2022-02-21 16:31:36,634:INFO:Application startup complete.
2022-02-21 16:31:52,515:WARNING:StatReload detected file change in 'api.py'. Reloading...
2022-02-21 16:31:53,631:WARNING:The --reload flag should not be used in production on Windows.
2022-02-21 16:31:53,632:DEBUG:Using selector: SelectSelector
2022-02-21 16:31:53,771:INFO:Started server process [1488]
2022-02-21 16:31:53,771:INFO:Waiting for application startup.
2022-02-21 16:31:53,771:INFO:Application startup complete.
2022-02-21 16:31:54,642:ERROR:Exception in ASGI application
Traceback (most recent call last):
  File "C:\Users\el_ghizi_yassine\PycharmProjects\unoScrapping\venv\lib\site-packages\fastapi\encoders.py", line 137, in jsonable_encoder
    data = dict(obj)
TypeError: 'coroutine' object is not iterable

During handling of the above exception, another exception occurred:

Traceback (most recent call last):
  File "C:\Users\el_ghizi_yassine\PycharmProjects\unoScrapping\venv\lib\site-packages\fastapi\encoders.py", line 141, in jsonable_encoder
    data = vars(obj)
TypeError: vars() argument must have __dict__ attribute

During handling of the above exception, another exception occurred:

Traceback (most recent call last):
  File "C:\Users\el_ghizi_yassine\PycharmProjects\unoScrapping\venv\lib\site-packages\uvicorn\protocols\http\h11_impl.py", line 366, in run_asgi
    result = await app(self.scope, self.receive, self.send)
  File "C:\Users\el_ghizi_yassine\PycharmProjects\unoScrapping\venv\lib\site-packages\uvicorn\middleware\proxy_headers.py", line 75, in __call__
    return await self.app(scope, receive, send)
  File "C:\Users\el_ghizi_yassine\PycharmProjects\unoScrapping\venv\lib\site-packages\fastapi\applications.py", line 212, in __call__
    await super().__call__(scope, receive, send)
  File "C:\Users\el_ghizi_yassine\PycharmProjects\unoScrapping\venv\lib\site-packages\starlette\applications.py", line 112, in __call__
    await self.middleware_stack(scope, receive, send)
  File "C:\Users\el_ghizi_yassine\PycharmProjects\unoScrapping\venv\lib\site-packages\starlette\middleware\errors.py", line 181, in __call__
    raise exc
  File "C:\Users\el_ghizi_yassine\PycharmProjects\unoScrapping\venv\lib\site-packages\starlette\middleware\errors.py", line 159, in __call__
    await self.app(scope, receive, _send)
  File "C:\Users\el_ghizi_yassine\PycharmProjects\unoScrapping\venv\lib\site-packages\starlette\exceptions.py", line 82, in __call__
    raise exc
  File "C:\Users\el_ghizi_yassine\PycharmProjects\unoScrapping\venv\lib\site-packages\starlette\exceptions.py", line 71, in __call__
    await self.app(scope, receive, sender)
  File "C:\Users\el_ghizi_yassine\PycharmProjects\unoScrapping\venv\lib\site-packages\starlette\routing.py", line 656, in __call__
    await route.handle(scope, receive, send)
  File "C:\Users\el_ghizi_yassine\PycharmProjects\unoScrapping\venv\lib\site-packages\starlette\routing.py", line 259, in handle
    await self.app(scope, receive, send)
  File "C:\Users\el_ghizi_yassine\PycharmProjects\unoScrapping\venv\lib\site-packages\starlette\routing.py", line 61, in app
    response = await func(request)
  File "C:\Users\el_ghizi_yassine\PycharmProjects\unoScrapping\venv\lib\site-packages\fastapi\routing.py", line 234, in app
    response_data = await serialize_response(
  File "C:\Users\el_ghizi_yassine\PycharmProjects\unoScrapping\venv\lib\site-packages\fastapi\routing.py", line 148, in serialize_response
    return jsonable_encoder(response_content)
  File "C:\Users\el_ghizi_yassine\PycharmProjects\unoScrapping\venv\lib\site-packages\fastapi\encoders.py", line 144, in jsonable_encoder
    raise ValueError(errors)
ValueError: [TypeError("'coroutine' object is not iterable"), TypeError('vars() argument must have __dict__ attribute')]
2022-02-21 16:31:58,533:WARNING:StatReload detected file change in 'api.py'. Reloading...
2022-02-21 16:31:59,565:WARNING:The --reload flag should not be used in production on Windows.
2022-02-21 16:31:59,565:DEBUG:Using selector: SelectSelector
2022-02-21 16:31:59,650:INFO:Started server process [1932]
2022-02-21 16:31:59,650:INFO:Waiting for application startup.
2022-02-21 16:31:59,650:INFO:Application startup complete.
2022-02-21 16:32:13,432:WARNING:StatReload detected file change in 'api.py'. Reloading...
2022-02-21 16:32:14,289:WARNING:The --reload flag should not be used in production on Windows.
2022-02-21 16:32:14,289:DEBUG:Using selector: SelectSelector
2022-02-21 16:32:14,452:INFO:Started server process [12840]
2022-02-21 16:32:14,452:INFO:Waiting for application startup.
2022-02-21 16:32:14,453:INFO:Application startup complete.
2022-02-21 16:32:43,608:WARNING:StatReload detected file change in 'api.py'. Reloading...
2022-02-21 16:32:44,574:WARNING:The --reload flag should not be used in production on Windows.
2022-02-21 16:32:44,574:DEBUG:Using selector: SelectSelector
2022-02-21 16:32:44,675:INFO:Started server process [9328]
2022-02-21 16:32:44,675:INFO:Waiting for application startup.
2022-02-21 16:32:44,675:INFO:Application startup complete.
2022-02-21 16:32:51,443:ERROR:Exception in ASGI application
Traceback (most recent call last):
  File "C:\Users\el_ghizi_yassine\PycharmProjects\unoScrapping\venv\lib\site-packages\fastapi\encoders.py", line 137, in jsonable_encoder
    data = dict(obj)
TypeError: 'coroutine' object is not iterable

During handling of the above exception, another exception occurred:

Traceback (most recent call last):
  File "C:\Users\el_ghizi_yassine\PycharmProjects\unoScrapping\venv\lib\site-packages\fastapi\encoders.py", line 141, in jsonable_encoder
    data = vars(obj)
TypeError: vars() argument must have __dict__ attribute

During handling of the above exception, another exception occurred:

Traceback (most recent call last):
  File "C:\Users\el_ghizi_yassine\PycharmProjects\unoScrapping\venv\lib\site-packages\uvicorn\protocols\http\h11_impl.py", line 366, in run_asgi
    result = await app(self.scope, self.receive, self.send)
  File "C:\Users\el_ghizi_yassine\PycharmProjects\unoScrapping\venv\lib\site-packages\uvicorn\middleware\proxy_headers.py", line 75, in __call__
    return await self.app(scope, receive, send)
  File "C:\Users\el_ghizi_yassine\PycharmProjects\unoScrapping\venv\lib\site-packages\fastapi\applications.py", line 212, in __call__
    await super().__call__(scope, receive, send)
  File "C:\Users\el_ghizi_yassine\PycharmProjects\unoScrapping\venv\lib\site-packages\starlette\applications.py", line 112, in __call__
    await self.middleware_stack(scope, receive, send)
  File "C:\Users\el_ghizi_yassine\PycharmProjects\unoScrapping\venv\lib\site-packages\starlette\middleware\errors.py", line 181, in __call__
    raise exc
  File "C:\Users\el_ghizi_yassine\PycharmProjects\unoScrapping\venv\lib\site-packages\starlette\middleware\errors.py", line 159, in __call__
    await self.app(scope, receive, _send)
  File "C:\Users\el_ghizi_yassine\PycharmProjects\unoScrapping\venv\lib\site-packages\starlette\exceptions.py", line 82, in __call__
    raise exc
  File "C:\Users\el_ghizi_yassine\PycharmProjects\unoScrapping\venv\lib\site-packages\starlette\exceptions.py", line 71, in __call__
    await self.app(scope, receive, sender)
  File "C:\Users\el_ghizi_yassine\PycharmProjects\unoScrapping\venv\lib\site-packages\starlette\routing.py", line 656, in __call__
    await route.handle(scope, receive, send)
  File "C:\Users\el_ghizi_yassine\PycharmProjects\unoScrapping\venv\lib\site-packages\starlette\routing.py", line 259, in handle
    await self.app(scope, receive, send)
  File "C:\Users\el_ghizi_yassine\PycharmProjects\unoScrapping\venv\lib\site-packages\starlette\routing.py", line 61, in app
    response = await func(request)
  File "C:\Users\el_ghizi_yassine\PycharmProjects\unoScrapping\venv\lib\site-packages\fastapi\routing.py", line 234, in app
    response_data = await serialize_response(
  File "C:\Users\el_ghizi_yassine\PycharmProjects\unoScrapping\venv\lib\site-packages\fastapi\routing.py", line 148, in serialize_response
    return jsonable_encoder(response_content)
  File "C:\Users\el_ghizi_yassine\PycharmProjects\unoScrapping\venv\lib\site-packages\fastapi\encoders.py", line 144, in jsonable_encoder
    raise ValueError(errors)
ValueError: [TypeError("'coroutine' object is not iterable"), TypeError('vars() argument must have __dict__ attribute')]
2022-02-21 16:33:03,688:WARNING:StatReload detected file change in 'api.py'. Reloading...
2022-02-21 16:33:04,701:WARNING:The --reload flag should not be used in production on Windows.
2022-02-21 16:33:04,702:DEBUG:Using selector: SelectSelector
2022-02-21 16:33:04,810:INFO:Started server process [888]
2022-02-21 16:33:04,810:INFO:Waiting for application startup.
2022-02-21 16:33:04,811:INFO:Application startup complete.
2022-02-21 16:33:05,556:ERROR:Exception in ASGI application
Traceback (most recent call last):
  File "C:\Users\el_ghizi_yassine\PycharmProjects\unoScrapping\venv\lib\site-packages\fastapi\encoders.py", line 137, in jsonable_encoder
    data = dict(obj)
TypeError: 'ModelField' object is not iterable

During handling of the above exception, another exception occurred:

Traceback (most recent call last):
  File "C:\Users\el_ghizi_yassine\PycharmProjects\unoScrapping\venv\lib\site-packages\fastapi\encoders.py", line 141, in jsonable_encoder
    data = vars(obj)
TypeError: vars() argument must have __dict__ attribute

During handling of the above exception, another exception occurred:

Traceback (most recent call last):
  File "C:\Users\el_ghizi_yassine\PycharmProjects\unoScrapping\venv\lib\site-packages\uvicorn\protocols\http\h11_impl.py", line 366, in run_asgi
    result = await app(self.scope, self.receive, self.send)
  File "C:\Users\el_ghizi_yassine\PycharmProjects\unoScrapping\venv\lib\site-packages\uvicorn\middleware\proxy_headers.py", line 75, in __call__
    return await self.app(scope, receive, send)
  File "C:\Users\el_ghizi_yassine\PycharmProjects\unoScrapping\venv\lib\site-packages\fastapi\applications.py", line 212, in __call__
    await super().__call__(scope, receive, send)
  File "C:\Users\el_ghizi_yassine\PycharmProjects\unoScrapping\venv\lib\site-packages\starlette\applications.py", line 112, in __call__
    await self.middleware_stack(scope, receive, send)
  File "C:\Users\el_ghizi_yassine\PycharmProjects\unoScrapping\venv\lib\site-packages\starlette\middleware\errors.py", line 181, in __call__
    raise exc
  File "C:\Users\el_ghizi_yassine\PycharmProjects\unoScrapping\venv\lib\site-packages\starlette\middleware\errors.py", line 159, in __call__
    await self.app(scope, receive, _send)
  File "C:\Users\el_ghizi_yassine\PycharmProjects\unoScrapping\venv\lib\site-packages\starlette\exceptions.py", line 82, in __call__
    raise exc
  File "C:\Users\el_ghizi_yassine\PycharmProjects\unoScrapping\venv\lib\site-packages\starlette\exceptions.py", line 71, in __call__
    await self.app(scope, receive, sender)
  File "C:\Users\el_ghizi_yassine\PycharmProjects\unoScrapping\venv\lib\site-packages\starlette\routing.py", line 656, in __call__
    await route.handle(scope, receive, send)
  File "C:\Users\el_ghizi_yassine\PycharmProjects\unoScrapping\venv\lib\site-packages\starlette\routing.py", line 259, in handle
    await self.app(scope, receive, send)
  File "C:\Users\el_ghizi_yassine\PycharmProjects\unoScrapping\venv\lib\site-packages\starlette\routing.py", line 61, in app
    response = await func(request)
  File "C:\Users\el_ghizi_yassine\PycharmProjects\unoScrapping\venv\lib\site-packages\fastapi\routing.py", line 234, in app
    response_data = await serialize_response(
  File "C:\Users\el_ghizi_yassine\PycharmProjects\unoScrapping\venv\lib\site-packages\fastapi\routing.py", line 148, in serialize_response
    return jsonable_encoder(response_content)
  File "C:\Users\el_ghizi_yassine\PycharmProjects\unoScrapping\venv\lib\site-packages\fastapi\encoders.py", line 145, in jsonable_encoder
    return jsonable_encoder(
  File "C:\Users\el_ghizi_yassine\PycharmProjects\unoScrapping\venv\lib\site-packages\fastapi\encoders.py", line 101, in jsonable_encoder
    encoded_value = jsonable_encoder(
  File "C:\Users\el_ghizi_yassine\PycharmProjects\unoScrapping\venv\lib\site-packages\fastapi\encoders.py", line 145, in jsonable_encoder
    return jsonable_encoder(
  File "C:\Users\el_ghizi_yassine\PycharmProjects\unoScrapping\venv\lib\site-packages\fastapi\encoders.py", line 101, in jsonable_encoder
    encoded_value = jsonable_encoder(
  File "C:\Users\el_ghizi_yassine\PycharmProjects\unoScrapping\venv\lib\site-packages\fastapi\encoders.py", line 145, in jsonable_encoder
    return jsonable_encoder(
  File "C:\Users\el_ghizi_yassine\PycharmProjects\unoScrapping\venv\lib\site-packages\fastapi\encoders.py", line 101, in jsonable_encoder
    encoded_value = jsonable_encoder(
  File "C:\Users\el_ghizi_yassine\PycharmProjects\unoScrapping\venv\lib\site-packages\fastapi\encoders.py", line 115, in jsonable_encoder
    jsonable_encoder(
  File "C:\Users\el_ghizi_yassine\PycharmProjects\unoScrapping\venv\lib\site-packages\fastapi\encoders.py", line 145, in jsonable_encoder
    return jsonable_encoder(
  File "C:\Users\el_ghizi_yassine\PycharmProjects\unoScrapping\venv\lib\site-packages\fastapi\encoders.py", line 101, in jsonable_encoder
    encoded_value = jsonable_encoder(
  File "C:\Users\el_ghizi_yassine\PycharmProjects\unoScrapping\venv\lib\site-packages\fastapi\encoders.py", line 145, in jsonable_encoder
    return jsonable_encoder(
  File "C:\Users\el_ghizi_yassine\PycharmProjects\unoScrapping\venv\lib\site-packages\fastapi\encoders.py", line 101, in jsonable_encoder
    encoded_value = jsonable_encoder(
  File "C:\Users\el_ghizi_yassine\PycharmProjects\unoScrapping\venv\lib\site-packages\fastapi\encoders.py", line 115, in jsonable_encoder
    jsonable_encoder(
  File "C:\Users\el_ghizi_yassine\PycharmProjects\unoScrapping\venv\lib\site-packages\fastapi\encoders.py", line 144, in jsonable_encoder
    raise ValueError(errors)
ValueError: [TypeError("'ModelField' object is not iterable"), TypeError('vars() argument must have __dict__ attribute')]
2022-02-21 16:33:09,398:ERROR:Exception in ASGI application
Traceback (most recent call last):
  File "C:\Users\el_ghizi_yassine\PycharmProjects\unoScrapping\venv\lib\site-packages\fastapi\encoders.py", line 137, in jsonable_encoder
    data = dict(obj)
TypeError: 'ModelField' object is not iterable

During handling of the above exception, another exception occurred:

Traceback (most recent call last):
  File "C:\Users\el_ghizi_yassine\PycharmProjects\unoScrapping\venv\lib\site-packages\fastapi\encoders.py", line 141, in jsonable_encoder
    data = vars(obj)
TypeError: vars() argument must have __dict__ attribute

During handling of the above exception, another exception occurred:

Traceback (most recent call last):
  File "C:\Users\el_ghizi_yassine\PycharmProjects\unoScrapping\venv\lib\site-packages\uvicorn\protocols\http\h11_impl.py", line 366, in run_asgi
    result = await app(self.scope, self.receive, self.send)
  File "C:\Users\el_ghizi_yassine\PycharmProjects\unoScrapping\venv\lib\site-packages\uvicorn\middleware\proxy_headers.py", line 75, in __call__
    return await self.app(scope, receive, send)
  File "C:\Users\el_ghizi_yassine\PycharmProjects\unoScrapping\venv\lib\site-packages\fastapi\applications.py", line 212, in __call__
    await super().__call__(scope, receive, send)
  File "C:\Users\el_ghizi_yassine\PycharmProjects\unoScrapping\venv\lib\site-packages\starlette\applications.py", line 112, in __call__
    await self.middleware_stack(scope, receive, send)
  File "C:\Users\el_ghizi_yassine\PycharmProjects\unoScrapping\venv\lib\site-packages\starlette\middleware\errors.py", line 181, in __call__
    raise exc
  File "C:\Users\el_ghizi_yassine\PycharmProjects\unoScrapping\venv\lib\site-packages\starlette\middleware\errors.py", line 159, in __call__
    await self.app(scope, receive, _send)
  File "C:\Users\el_ghizi_yassine\PycharmProjects\unoScrapping\venv\lib\site-packages\starlette\exceptions.py", line 82, in __call__
    raise exc
  File "C:\Users\el_ghizi_yassine\PycharmProjects\unoScrapping\venv\lib\site-packages\starlette\exceptions.py", line 71, in __call__
    await self.app(scope, receive, sender)
  File "C:\Users\el_ghizi_yassine\PycharmProjects\unoScrapping\venv\lib\site-packages\starlette\routing.py", line 656, in __call__
    await route.handle(scope, receive, send)
  File "C:\Users\el_ghizi_yassine\PycharmProjects\unoScrapping\venv\lib\site-packages\starlette\routing.py", line 259, in handle
    await self.app(scope, receive, send)
  File "C:\Users\el_ghizi_yassine\PycharmProjects\unoScrapping\venv\lib\site-packages\starlette\routing.py", line 61, in app
    response = await func(request)
  File "C:\Users\el_ghizi_yassine\PycharmProjects\unoScrapping\venv\lib\site-packages\fastapi\routing.py", line 234, in app
    response_data = await serialize_response(
  File "C:\Users\el_ghizi_yassine\PycharmProjects\unoScrapping\venv\lib\site-packages\fastapi\routing.py", line 148, in serialize_response
    return jsonable_encoder(response_content)
  File "C:\Users\el_ghizi_yassine\PycharmProjects\unoScrapping\venv\lib\site-packages\fastapi\encoders.py", line 145, in jsonable_encoder
    return jsonable_encoder(
  File "C:\Users\el_ghizi_yassine\PycharmProjects\unoScrapping\venv\lib\site-packages\fastapi\encoders.py", line 101, in jsonable_encoder
    encoded_value = jsonable_encoder(
  File "C:\Users\el_ghizi_yassine\PycharmProjects\unoScrapping\venv\lib\site-packages\fastapi\encoders.py", line 145, in jsonable_encoder
    return jsonable_encoder(
  File "C:\Users\el_ghizi_yassine\PycharmProjects\unoScrapping\venv\lib\site-packages\fastapi\encoders.py", line 101, in jsonable_encoder
    encoded_value = jsonable_encoder(
  File "C:\Users\el_ghizi_yassine\PycharmProjects\unoScrapping\venv\lib\site-packages\fastapi\encoders.py", line 145, in jsonable_encoder
    return jsonable_encoder(
  File "C:\Users\el_ghizi_yassine\PycharmProjects\unoScrapping\venv\lib\site-packages\fastapi\encoders.py", line 101, in jsonable_encoder
    encoded_value = jsonable_encoder(
  File "C:\Users\el_ghizi_yassine\PycharmProjects\unoScrapping\venv\lib\site-packages\fastapi\encoders.py", line 115, in jsonable_encoder
    jsonable_encoder(
  File "C:\Users\el_ghizi_yassine\PycharmProjects\unoScrapping\venv\lib\site-packages\fastapi\encoders.py", line 145, in jsonable_encoder
    return jsonable_encoder(
  File "C:\Users\el_ghizi_yassine\PycharmProjects\unoScrapping\venv\lib\site-packages\fastapi\encoders.py", line 101, in jsonable_encoder
    encoded_value = jsonable_encoder(
  File "C:\Users\el_ghizi_yassine\PycharmProjects\unoScrapping\venv\lib\site-packages\fastapi\encoders.py", line 145, in jsonable_encoder
    return jsonable_encoder(
  File "C:\Users\el_ghizi_yassine\PycharmProjects\unoScrapping\venv\lib\site-packages\fastapi\encoders.py", line 101, in jsonable_encoder
    encoded_value = jsonable_encoder(
  File "C:\Users\el_ghizi_yassine\PycharmProjects\unoScrapping\venv\lib\site-packages\fastapi\encoders.py", line 115, in jsonable_encoder
    jsonable_encoder(
  File "C:\Users\el_ghizi_yassine\PycharmProjects\unoScrapping\venv\lib\site-packages\fastapi\encoders.py", line 144, in jsonable_encoder
    raise ValueError(errors)
ValueError: [TypeError("'ModelField' object is not iterable"), TypeError('vars() argument must have __dict__ attribute')]
2022-02-21 16:33:19,077:INFO:Shutting down
2022-02-21 16:33:19,185:INFO:Waiting for application shutdown.
2022-02-21 16:33:19,185:INFO:Application shutdown complete.
2022-02-21 16:33:19,185:INFO:Finished server process [888]
2022-02-21 16:33:19,242:INFO:Stopping reloader process [12940]
2022-02-21 16:33:20,193:INFO:Will watch for changes in these directories: ['C:\\Users\\el_ghizi_yassine\\PycharmProjects\\unoScrapping\\fastapi']
2022-02-21 16:33:20,193:INFO:Uvicorn running on http://127.0.0.1:9999 (Press CTRL+C to quit)
2022-02-21 16:33:20,193:INFO:Started reloader process [10668] using statreload
2022-02-21 16:33:20,882:WARNING:The --reload flag should not be used in production on Windows.
2022-02-21 16:33:20,882:DEBUG:Using selector: SelectSelector
2022-02-21 16:33:20,973:INFO:Started server process [7884]
2022-02-21 16:33:20,974:INFO:Waiting for application startup.
2022-02-21 16:33:20,974:INFO:Application startup complete.
2022-02-21 16:33:22,240:ERROR:Exception in ASGI application
Traceback (most recent call last):
  File "C:\Users\el_ghizi_yassine\PycharmProjects\unoScrapping\venv\lib\site-packages\fastapi\encoders.py", line 137, in jsonable_encoder
    data = dict(obj)
TypeError: 'ModelField' object is not iterable

During handling of the above exception, another exception occurred:

Traceback (most recent call last):
  File "C:\Users\el_ghizi_yassine\PycharmProjects\unoScrapping\venv\lib\site-packages\fastapi\encoders.py", line 141, in jsonable_encoder
    data = vars(obj)
TypeError: vars() argument must have __dict__ attribute

During handling of the above exception, another exception occurred:

Traceback (most recent call last):
  File "C:\Users\el_ghizi_yassine\PycharmProjects\unoScrapping\venv\lib\site-packages\uvicorn\protocols\http\h11_impl.py", line 366, in run_asgi
    result = await app(self.scope, self.receive, self.send)
  File "C:\Users\el_ghizi_yassine\PycharmProjects\unoScrapping\venv\lib\site-packages\uvicorn\middleware\proxy_headers.py", line 75, in __call__
    return await self.app(scope, receive, send)
  File "C:\Users\el_ghizi_yassine\PycharmProjects\unoScrapping\venv\lib\site-packages\fastapi\applications.py", line 212, in __call__
    await super().__call__(scope, receive, send)
  File "C:\Users\el_ghizi_yassine\PycharmProjects\unoScrapping\venv\lib\site-packages\starlette\applications.py", line 112, in __call__
    await self.middleware_stack(scope, receive, send)
  File "C:\Users\el_ghizi_yassine\PycharmProjects\unoScrapping\venv\lib\site-packages\starlette\middleware\errors.py", line 181, in __call__
    raise exc
  File "C:\Users\el_ghizi_yassine\PycharmProjects\unoScrapping\venv\lib\site-packages\starlette\middleware\errors.py", line 159, in __call__
    await self.app(scope, receive, _send)
  File "C:\Users\el_ghizi_yassine\PycharmProjects\unoScrapping\venv\lib\site-packages\starlette\exceptions.py", line 82, in __call__
    raise exc
  File "C:\Users\el_ghizi_yassine\PycharmProjects\unoScrapping\venv\lib\site-packages\starlette\exceptions.py", line 71, in __call__
    await self.app(scope, receive, sender)
  File "C:\Users\el_ghizi_yassine\PycharmProjects\unoScrapping\venv\lib\site-packages\starlette\routing.py", line 656, in __call__
    await route.handle(scope, receive, send)
  File "C:\Users\el_ghizi_yassine\PycharmProjects\unoScrapping\venv\lib\site-packages\starlette\routing.py", line 259, in handle
    await self.app(scope, receive, send)
  File "C:\Users\el_ghizi_yassine\PycharmProjects\unoScrapping\venv\lib\site-packages\starlette\routing.py", line 61, in app
    response = await func(request)
  File "C:\Users\el_ghizi_yassine\PycharmProjects\unoScrapping\venv\lib\site-packages\fastapi\routing.py", line 234, in app
    response_data = await serialize_response(
  File "C:\Users\el_ghizi_yassine\PycharmProjects\unoScrapping\venv\lib\site-packages\fastapi\routing.py", line 148, in serialize_response
    return jsonable_encoder(response_content)
  File "C:\Users\el_ghizi_yassine\PycharmProjects\unoScrapping\venv\lib\site-packages\fastapi\encoders.py", line 145, in jsonable_encoder
    return jsonable_encoder(
  File "C:\Users\el_ghizi_yassine\PycharmProjects\unoScrapping\venv\lib\site-packages\fastapi\encoders.py", line 101, in jsonable_encoder
    encoded_value = jsonable_encoder(
  File "C:\Users\el_ghizi_yassine\PycharmProjects\unoScrapping\venv\lib\site-packages\fastapi\encoders.py", line 145, in jsonable_encoder
    return jsonable_encoder(
  File "C:\Users\el_ghizi_yassine\PycharmProjects\unoScrapping\venv\lib\site-packages\fastapi\encoders.py", line 101, in jsonable_encoder
    encoded_value = jsonable_encoder(
  File "C:\Users\el_ghizi_yassine\PycharmProjects\unoScrapping\venv\lib\site-packages\fastapi\encoders.py", line 145, in jsonable_encoder
    return jsonable_encoder(
  File "C:\Users\el_ghizi_yassine\PycharmProjects\unoScrapping\venv\lib\site-packages\fastapi\encoders.py", line 101, in jsonable_encoder
    encoded_value = jsonable_encoder(
  File "C:\Users\el_ghizi_yassine\PycharmProjects\unoScrapping\venv\lib\site-packages\fastapi\encoders.py", line 115, in jsonable_encoder
    jsonable_encoder(
  File "C:\Users\el_ghizi_yassine\PycharmProjects\unoScrapping\venv\lib\site-packages\fastapi\encoders.py", line 145, in jsonable_encoder
    return jsonable_encoder(
  File "C:\Users\el_ghizi_yassine\PycharmProjects\unoScrapping\venv\lib\site-packages\fastapi\encoders.py", line 101, in jsonable_encoder
    encoded_value = jsonable_encoder(
  File "C:\Users\el_ghizi_yassine\PycharmProjects\unoScrapping\venv\lib\site-packages\fastapi\encoders.py", line 145, in jsonable_encoder
    return jsonable_encoder(
  File "C:\Users\el_ghizi_yassine\PycharmProjects\unoScrapping\venv\lib\site-packages\fastapi\encoders.py", line 101, in jsonable_encoder
    encoded_value = jsonable_encoder(
  File "C:\Users\el_ghizi_yassine\PycharmProjects\unoScrapping\venv\lib\site-packages\fastapi\encoders.py", line 115, in jsonable_encoder
    jsonable_encoder(
  File "C:\Users\el_ghizi_yassine\PycharmProjects\unoScrapping\venv\lib\site-packages\fastapi\encoders.py", line 144, in jsonable_encoder
    raise ValueError(errors)
ValueError: [TypeError("'ModelField' object is not iterable"), TypeError('vars() argument must have __dict__ attribute')]
2022-02-21 16:33:49,899:WARNING:StatReload detected file change in 'api.py'. Reloading...
2022-02-21 16:33:50,629:WARNING:The --reload flag should not be used in production on Windows.
2022-02-21 16:33:50,629:DEBUG:Using selector: SelectSelector
2022-02-21 16:33:50,720:INFO:Started server process [6800]
2022-02-21 16:33:50,720:INFO:Waiting for application startup.
2022-02-21 16:33:50,720:INFO:Application startup complete.
2022-02-21 16:33:55,589:ERROR:Exception in ASGI application
Traceback (most recent call last):
  File "C:\Users\el_ghizi_yassine\PycharmProjects\unoScrapping\venv\lib\site-packages\uvicorn\protocols\http\h11_impl.py", line 366, in run_asgi
    result = await app(self.scope, self.receive, self.send)
  File "C:\Users\el_ghizi_yassine\PycharmProjects\unoScrapping\venv\lib\site-packages\uvicorn\middleware\proxy_headers.py", line 75, in __call__
    return await self.app(scope, receive, send)
  File "C:\Users\el_ghizi_yassine\PycharmProjects\unoScrapping\venv\lib\site-packages\fastapi\applications.py", line 212, in __call__
    await super().__call__(scope, receive, send)
  File "C:\Users\el_ghizi_yassine\PycharmProjects\unoScrapping\venv\lib\site-packages\starlette\applications.py", line 112, in __call__
    await self.middleware_stack(scope, receive, send)
  File "C:\Users\el_ghizi_yassine\PycharmProjects\unoScrapping\venv\lib\site-packages\starlette\middleware\errors.py", line 181, in __call__
    raise exc
  File "C:\Users\el_ghizi_yassine\PycharmProjects\unoScrapping\venv\lib\site-packages\starlette\middleware\errors.py", line 159, in __call__
    await self.app(scope, receive, _send)
  File "C:\Users\el_ghizi_yassine\PycharmProjects\unoScrapping\venv\lib\site-packages\starlette\exceptions.py", line 82, in __call__
    raise exc
  File "C:\Users\el_ghizi_yassine\PycharmProjects\unoScrapping\venv\lib\site-packages\starlette\exceptions.py", line 71, in __call__
    await self.app(scope, receive, sender)
  File "C:\Users\el_ghizi_yassine\PycharmProjects\unoScrapping\venv\lib\site-packages\starlette\routing.py", line 656, in __call__
    await route.handle(scope, receive, send)
  File "C:\Users\el_ghizi_yassine\PycharmProjects\unoScrapping\venv\lib\site-packages\starlette\routing.py", line 259, in handle
    await self.app(scope, receive, send)
  File "C:\Users\el_ghizi_yassine\PycharmProjects\unoScrapping\venv\lib\site-packages\starlette\routing.py", line 61, in app
    response = await func(request)
  File "C:\Users\el_ghizi_yassine\PycharmProjects\unoScrapping\venv\lib\site-packages\fastapi\routing.py", line 226, in app
    raw_response = await run_endpoint_function(
  File "C:\Users\el_ghizi_yassine\PycharmProjects\unoScrapping\venv\lib\site-packages\fastapi\routing.py", line 159, in run_endpoint_function
    return await dependant.call(**values)
  File "C:\Users\el_ghizi_yassine\PycharmProjects\unoScrapping\fastapi\api.py", line 22, in insert_product
    client_host = request.user
  File "C:\Users\el_ghizi_yassine\PycharmProjects\unoScrapping\venv\lib\site-packages\starlette\requests.py", line 153, in user
    assert (
AssertionError: AuthenticationMiddleware must be installed to access request.user
2022-02-21 16:34:05,072:WARNING:StatReload detected file change in 'api.py'. Reloading...
2022-02-21 16:34:05,943:WARNING:The --reload flag should not be used in production on Windows.
2022-02-21 16:34:05,944:DEBUG:Using selector: SelectSelector
2022-02-21 16:34:06,074:INFO:Started server process [9672]
2022-02-21 16:34:06,074:INFO:Waiting for application startup.
2022-02-21 16:34:06,076:INFO:Application startup complete.
2022-02-21 16:34:39,508:WARNING:StatReload detected file change in 'api.py'. Reloading...
2022-02-21 16:34:40,398:WARNING:The --reload flag should not be used in production on Windows.
2022-02-21 16:34:40,398:DEBUG:Using selector: SelectSelector
2022-02-21 16:34:40,482:INFO:Started server process [7132]
2022-02-21 16:34:40,483:INFO:Waiting for application startup.
2022-02-21 16:34:40,483:INFO:Application startup complete.
2022-02-21 16:34:43,171:ERROR:Exception in ASGI application
Traceback (most recent call last):
  File "C:\Users\el_ghizi_yassine\PycharmProjects\unoScrapping\venv\lib\site-packages\fastapi\encoders.py", line 137, in jsonable_encoder
    data = dict(obj)
TypeError: 'ModelField' object is not iterable

During handling of the above exception, another exception occurred:

Traceback (most recent call last):
  File "C:\Users\el_ghizi_yassine\PycharmProjects\unoScrapping\venv\lib\site-packages\fastapi\encoders.py", line 141, in jsonable_encoder
    data = vars(obj)
TypeError: vars() argument must have __dict__ attribute

During handling of the above exception, another exception occurred:

Traceback (most recent call last):
  File "C:\Users\el_ghizi_yassine\PycharmProjects\unoScrapping\venv\lib\site-packages\uvicorn\protocols\http\h11_impl.py", line 366, in run_asgi
    result = await app(self.scope, self.receive, self.send)
  File "C:\Users\el_ghizi_yassine\PycharmProjects\unoScrapping\venv\lib\site-packages\uvicorn\middleware\proxy_headers.py", line 75, in __call__
    return await self.app(scope, receive, send)
  File "C:\Users\el_ghizi_yassine\PycharmProjects\unoScrapping\venv\lib\site-packages\fastapi\applications.py", line 212, in __call__
    await super().__call__(scope, receive, send)
  File "C:\Users\el_ghizi_yassine\PycharmProjects\unoScrapping\venv\lib\site-packages\starlette\applications.py", line 112, in __call__
    await self.middleware_stack(scope, receive, send)
  File "C:\Users\el_ghizi_yassine\PycharmProjects\unoScrapping\venv\lib\site-packages\starlette\middleware\errors.py", line 181, in __call__
    raise exc
  File "C:\Users\el_ghizi_yassine\PycharmProjects\unoScrapping\venv\lib\site-packages\starlette\middleware\errors.py", line 159, in __call__
    await self.app(scope, receive, _send)
  File "C:\Users\el_ghizi_yassine\PycharmProjects\unoScrapping\venv\lib\site-packages\starlette\exceptions.py", line 82, in __call__
    raise exc
  File "C:\Users\el_ghizi_yassine\PycharmProjects\unoScrapping\venv\lib\site-packages\starlette\exceptions.py", line 71, in __call__
    await self.app(scope, receive, sender)
  File "C:\Users\el_ghizi_yassine\PycharmProjects\unoScrapping\venv\lib\site-packages\starlette\routing.py", line 656, in __call__
    await route.handle(scope, receive, send)
  File "C:\Users\el_ghizi_yassine\PycharmProjects\unoScrapping\venv\lib\site-packages\starlette\routing.py", line 259, in handle
    await self.app(scope, receive, send)
  File "C:\Users\el_ghizi_yassine\PycharmProjects\unoScrapping\venv\lib\site-packages\starlette\routing.py", line 61, in app
    response = await func(request)
  File "C:\Users\el_ghizi_yassine\PycharmProjects\unoScrapping\venv\lib\site-packages\fastapi\routing.py", line 234, in app
    response_data = await serialize_response(
  File "C:\Users\el_ghizi_yassine\PycharmProjects\unoScrapping\venv\lib\site-packages\fastapi\routing.py", line 148, in serialize_response
    return jsonable_encoder(response_content)
  File "C:\Users\el_ghizi_yassine\PycharmProjects\unoScrapping\venv\lib\site-packages\fastapi\encoders.py", line 145, in jsonable_encoder
    return jsonable_encoder(
  File "C:\Users\el_ghizi_yassine\PycharmProjects\unoScrapping\venv\lib\site-packages\fastapi\encoders.py", line 101, in jsonable_encoder
    encoded_value = jsonable_encoder(
  File "C:\Users\el_ghizi_yassine\PycharmProjects\unoScrapping\venv\lib\site-packages\fastapi\encoders.py", line 145, in jsonable_encoder
    return jsonable_encoder(
  File "C:\Users\el_ghizi_yassine\PycharmProjects\unoScrapping\venv\lib\site-packages\fastapi\encoders.py", line 101, in jsonable_encoder
    encoded_value = jsonable_encoder(
  File "C:\Users\el_ghizi_yassine\PycharmProjects\unoScrapping\venv\lib\site-packages\fastapi\encoders.py", line 115, in jsonable_encoder
    jsonable_encoder(
  File "C:\Users\el_ghizi_yassine\PycharmProjects\unoScrapping\venv\lib\site-packages\fastapi\encoders.py", line 145, in jsonable_encoder
    return jsonable_encoder(
  File "C:\Users\el_ghizi_yassine\PycharmProjects\unoScrapping\venv\lib\site-packages\fastapi\encoders.py", line 101, in jsonable_encoder
    encoded_value = jsonable_encoder(
  File "C:\Users\el_ghizi_yassine\PycharmProjects\unoScrapping\venv\lib\site-packages\fastapi\encoders.py", line 145, in jsonable_encoder
    return jsonable_encoder(
  File "C:\Users\el_ghizi_yassine\PycharmProjects\unoScrapping\venv\lib\site-packages\fastapi\encoders.py", line 101, in jsonable_encoder
    encoded_value = jsonable_encoder(
  File "C:\Users\el_ghizi_yassine\PycharmProjects\unoScrapping\venv\lib\site-packages\fastapi\encoders.py", line 115, in jsonable_encoder
    jsonable_encoder(
  File "C:\Users\el_ghizi_yassine\PycharmProjects\unoScrapping\venv\lib\site-packages\fastapi\encoders.py", line 144, in jsonable_encoder
    raise ValueError(errors)
ValueError: [TypeError("'ModelField' object is not iterable"), TypeError('vars() argument must have __dict__ attribute')]
2022-02-21 16:34:49,188:WARNING:StatReload detected file change in 'api.py'. Reloading...
2022-02-21 16:34:50,257:WARNING:The --reload flag should not be used in production on Windows.
2022-02-21 16:34:50,257:DEBUG:Using selector: SelectSelector
2022-02-21 16:34:50,336:INFO:Started server process [1488]
2022-02-21 16:34:50,337:INFO:Waiting for application startup.
2022-02-21 16:34:50,337:INFO:Application startup complete.
2022-02-21 16:35:01,152:WARNING:StatReload detected file change in 'api.py'. Reloading...
2022-02-21 16:35:02,239:WARNING:The --reload flag should not be used in production on Windows.
2022-02-21 16:35:02,240:DEBUG:Using selector: SelectSelector
2022-02-21 16:35:02,506:INFO:Started server process [3384]
2022-02-21 16:35:02,508:INFO:Waiting for application startup.
2022-02-21 16:35:02,508:INFO:Application startup complete.
2022-02-21 16:35:11,866:WARNING:StatReload detected file change in 'api.py'. Reloading...
2022-02-21 16:35:12,998:WARNING:The --reload flag should not be used in production on Windows.
2022-02-21 16:35:12,998:DEBUG:Using selector: SelectSelector
2022-02-21 16:35:13,080:INFO:Started server process [3968]
2022-02-21 16:35:13,080:INFO:Waiting for application startup.
2022-02-21 16:35:13,080:INFO:Application startup complete.
2022-02-21 16:40:33,418:WARNING:StatReload detected file change in 'api.py'. Reloading...
2022-02-21 16:40:44,681:WARNING:StatReload detected file change in 'api.py'. Reloading...
2022-02-21 16:40:45,551:WARNING:The --reload flag should not be used in production on Windows.
2022-02-21 16:40:45,553:DEBUG:Using selector: SelectSelector
2022-02-21 16:40:45,613:INFO:Started server process [2204]
2022-02-21 16:40:45,613:INFO:Waiting for application startup.
2022-02-21 16:40:45,613:INFO:Application startup complete.
2022-02-21 16:40:50,960:WARNING:StatReload detected file change in 'api.py'. Reloading...
2022-02-21 16:40:51,869:WARNING:The --reload flag should not be used in production on Windows.
2022-02-21 16:40:51,870:DEBUG:Using selector: SelectSelector
2022-02-21 16:40:51,963:INFO:Started server process [11700]
2022-02-21 16:40:51,963:INFO:Waiting for application startup.
2022-02-21 16:40:51,963:INFO:Application startup complete.
2022-02-21 16:41:01,172:WARNING:StatReload detected file change in 'api.py'. Reloading...
2022-02-21 16:41:02,172:WARNING:The --reload flag should not be used in production on Windows.
2022-02-21 16:41:02,173:DEBUG:Using selector: SelectSelector
2022-02-21 16:41:02,301:INFO:Started server process [12148]
2022-02-21 16:41:02,301:INFO:Waiting for application startup.
2022-02-21 16:41:02,302:INFO:Application startup complete.
2022-02-21 16:41:13,231:WARNING:StatReload detected file change in 'api.py'. Reloading...
2022-02-21 16:41:14,067:WARNING:The --reload flag should not be used in production on Windows.
2022-02-21 16:41:14,067:DEBUG:Using selector: SelectSelector
2022-02-21 16:41:14,145:INFO:Started server process [5152]
2022-02-21 16:41:14,146:INFO:Waiting for application startup.
2022-02-21 16:41:14,146:INFO:Application startup complete.
2022-02-21 16:41:23,627:WARNING:StatReload detected file change in 'api.py'. Reloading...
2022-02-21 16:41:24,681:WARNING:The --reload flag should not be used in production on Windows.
2022-02-21 16:41:24,681:DEBUG:Using selector: SelectSelector
2022-02-21 16:41:24,795:INFO:Started server process [4992]
2022-02-21 16:41:24,795:INFO:Waiting for application startup.
2022-02-21 16:41:24,796:INFO:Application startup complete.
2022-02-21 16:41:26,674:ERROR:Exception in ASGI application
Traceback (most recent call last):
  File "C:\Users\el_ghizi_yassine\PycharmProjects\unoScrapping\venv\lib\site-packages\fastapi\encoders.py", line 137, in jsonable_encoder
    data = dict(obj)
TypeError: 'wrapper_descriptor' object is not iterable

During handling of the above exception, another exception occurred:

Traceback (most recent call last):
  File "C:\Users\el_ghizi_yassine\PycharmProjects\unoScrapping\venv\lib\site-packages\fastapi\encoders.py", line 141, in jsonable_encoder
    data = vars(obj)
TypeError: vars() argument must have __dict__ attribute

During handling of the above exception, another exception occurred:

Traceback (most recent call last):
  File "C:\Users\el_ghizi_yassine\PycharmProjects\unoScrapping\venv\lib\site-packages\uvicorn\protocols\http\h11_impl.py", line 366, in run_asgi
    result = await app(self.scope, self.receive, self.send)
  File "C:\Users\el_ghizi_yassine\PycharmProjects\unoScrapping\venv\lib\site-packages\uvicorn\middleware\proxy_headers.py", line 75, in __call__
    return await self.app(scope, receive, send)
  File "C:\Users\el_ghizi_yassine\PycharmProjects\unoScrapping\venv\lib\site-packages\fastapi\applications.py", line 212, in __call__
    await super().__call__(scope, receive, send)
  File "C:\Users\el_ghizi_yassine\PycharmProjects\unoScrapping\venv\lib\site-packages\starlette\applications.py", line 112, in __call__
    await self.middleware_stack(scope, receive, send)
  File "C:\Users\el_ghizi_yassine\PycharmProjects\unoScrapping\venv\lib\site-packages\starlette\middleware\errors.py", line 181, in __call__
    raise exc
  File "C:\Users\el_ghizi_yassine\PycharmProjects\unoScrapping\venv\lib\site-packages\starlette\middleware\errors.py", line 159, in __call__
    await self.app(scope, receive, _send)
  File "C:\Users\el_ghizi_yassine\PycharmProjects\unoScrapping\venv\lib\site-packages\starlette\exceptions.py", line 82, in __call__
    raise exc
  File "C:\Users\el_ghizi_yassine\PycharmProjects\unoScrapping\venv\lib\site-packages\starlette\exceptions.py", line 71, in __call__
    await self.app(scope, receive, sender)
  File "C:\Users\el_ghizi_yassine\PycharmProjects\unoScrapping\venv\lib\site-packages\starlette\routing.py", line 656, in __call__
    await route.handle(scope, receive, send)
  File "C:\Users\el_ghizi_yassine\PycharmProjects\unoScrapping\venv\lib\site-packages\starlette\routing.py", line 259, in handle
    await self.app(scope, receive, send)
  File "C:\Users\el_ghizi_yassine\PycharmProjects\unoScrapping\venv\lib\site-packages\starlette\routing.py", line 61, in app
    response = await func(request)
  File "C:\Users\el_ghizi_yassine\PycharmProjects\unoScrapping\venv\lib\site-packages\fastapi\routing.py", line 234, in app
    response_data = await serialize_response(
  File "C:\Users\el_ghizi_yassine\PycharmProjects\unoScrapping\venv\lib\site-packages\fastapi\routing.py", line 148, in serialize_response
    return jsonable_encoder(response_content)
  File "C:\Users\el_ghizi_yassine\PycharmProjects\unoScrapping\venv\lib\site-packages\fastapi\encoders.py", line 145, in jsonable_encoder
    return jsonable_encoder(
  File "C:\Users\el_ghizi_yassine\PycharmProjects\unoScrapping\venv\lib\site-packages\fastapi\encoders.py", line 145, in jsonable_encoder
    return jsonable_encoder(
  File "C:\Users\el_ghizi_yassine\PycharmProjects\unoScrapping\venv\lib\site-packages\fastapi\encoders.py", line 101, in jsonable_encoder
    encoded_value = jsonable_encoder(
  File "C:\Users\el_ghizi_yassine\PycharmProjects\unoScrapping\venv\lib\site-packages\fastapi\encoders.py", line 144, in jsonable_encoder
    raise ValueError(errors)
ValueError: [TypeError("'wrapper_descriptor' object is not iterable"), TypeError('vars() argument must have __dict__ attribute')]
2022-02-21 16:41:34,071:WARNING:StatReload detected file change in 'api.py'. Reloading...
2022-02-21 16:41:35,153:WARNING:The --reload flag should not be used in production on Windows.
2022-02-21 16:41:35,154:DEBUG:Using selector: SelectSelector
2022-02-21 16:41:35,271:INFO:Started server process [2488]
2022-02-21 16:41:35,271:INFO:Waiting for application startup.
2022-02-21 16:41:35,272:INFO:Application startup complete.
2022-02-21 16:41:35,453:ERROR:Exception in ASGI application
Traceback (most recent call last):
  File "C:\Users\el_ghizi_yassine\PycharmProjects\unoScrapping\venv\lib\site-packages\fastapi\encoders.py", line 137, in jsonable_encoder
    data = dict(obj)
TypeError: 'wrapper_descriptor' object is not iterable

During handling of the above exception, another exception occurred:

Traceback (most recent call last):
  File "C:\Users\el_ghizi_yassine\PycharmProjects\unoScrapping\venv\lib\site-packages\fastapi\encoders.py", line 141, in jsonable_encoder
    data = vars(obj)
TypeError: vars() argument must have __dict__ attribute

During handling of the above exception, another exception occurred:

Traceback (most recent call last):
  File "C:\Users\el_ghizi_yassine\PycharmProjects\unoScrapping\venv\lib\site-packages\uvicorn\protocols\http\h11_impl.py", line 366, in run_asgi
    result = await app(self.scope, self.receive, self.send)
  File "C:\Users\el_ghizi_yassine\PycharmProjects\unoScrapping\venv\lib\site-packages\uvicorn\middleware\proxy_headers.py", line 75, in __call__
    return await self.app(scope, receive, send)
  File "C:\Users\el_ghizi_yassine\PycharmProjects\unoScrapping\venv\lib\site-packages\fastapi\applications.py", line 212, in __call__
    await super().__call__(scope, receive, send)
  File "C:\Users\el_ghizi_yassine\PycharmProjects\unoScrapping\venv\lib\site-packages\starlette\applications.py", line 112, in __call__
    await self.middleware_stack(scope, receive, send)
  File "C:\Users\el_ghizi_yassine\PycharmProjects\unoScrapping\venv\lib\site-packages\starlette\middleware\errors.py", line 181, in __call__
    raise exc
  File "C:\Users\el_ghizi_yassine\PycharmProjects\unoScrapping\venv\lib\site-packages\starlette\middleware\errors.py", line 159, in __call__
    await self.app(scope, receive, _send)
  File "C:\Users\el_ghizi_yassine\PycharmProjects\unoScrapping\venv\lib\site-packages\starlette\exceptions.py", line 82, in __call__
    raise exc
  File "C:\Users\el_ghizi_yassine\PycharmProjects\unoScrapping\venv\lib\site-packages\starlette\exceptions.py", line 71, in __call__
    await self.app(scope, receive, sender)
  File "C:\Users\el_ghizi_yassine\PycharmProjects\unoScrapping\venv\lib\site-packages\starlette\routing.py", line 656, in __call__
    await route.handle(scope, receive, send)
  File "C:\Users\el_ghizi_yassine\PycharmProjects\unoScrapping\venv\lib\site-packages\starlette\routing.py", line 259, in handle
    await self.app(scope, receive, send)
  File "C:\Users\el_ghizi_yassine\PycharmProjects\unoScrapping\venv\lib\site-packages\starlette\routing.py", line 61, in app
    response = await func(request)
  File "C:\Users\el_ghizi_yassine\PycharmProjects\unoScrapping\venv\lib\site-packages\fastapi\routing.py", line 234, in app
    response_data = await serialize_response(
  File "C:\Users\el_ghizi_yassine\PycharmProjects\unoScrapping\venv\lib\site-packages\fastapi\routing.py", line 148, in serialize_response
    return jsonable_encoder(response_content)
  File "C:\Users\el_ghizi_yassine\PycharmProjects\unoScrapping\venv\lib\site-packages\fastapi\encoders.py", line 145, in jsonable_encoder
    return jsonable_encoder(
  File "C:\Users\el_ghizi_yassine\PycharmProjects\unoScrapping\venv\lib\site-packages\fastapi\encoders.py", line 145, in jsonable_encoder
    return jsonable_encoder(
  File "C:\Users\el_ghizi_yassine\PycharmProjects\unoScrapping\venv\lib\site-packages\fastapi\encoders.py", line 101, in jsonable_encoder
    encoded_value = jsonable_encoder(
  File "C:\Users\el_ghizi_yassine\PycharmProjects\unoScrapping\venv\lib\site-packages\fastapi\encoders.py", line 144, in jsonable_encoder
    raise ValueError(errors)
ValueError: [TypeError("'wrapper_descriptor' object is not iterable"), TypeError('vars() argument must have __dict__ attribute')]
2022-02-21 16:41:41,705:WARNING:StatReload detected file change in 'api.py'. Reloading...
2022-02-21 16:41:42,495:WARNING:The --reload flag should not be used in production on Windows.
2022-02-21 16:41:42,495:DEBUG:Using selector: SelectSelector
2022-02-21 16:41:42,569:INFO:Started server process [9320]
2022-02-21 16:41:42,569:INFO:Waiting for application startup.
2022-02-21 16:41:42,570:INFO:Application startup complete.
2022-02-21 16:41:44,845:WARNING:StatReload detected file change in 'api.py'. Reloading...
2022-02-21 16:41:45,919:WARNING:The --reload flag should not be used in production on Windows.
2022-02-21 16:41:45,921:DEBUG:Using selector: SelectSelector
2022-02-21 16:41:46,058:INFO:Started server process [11568]
2022-02-21 16:41:46,058:INFO:Waiting for application startup.
2022-02-21 16:41:46,058:INFO:Application startup complete.
2022-02-21 16:42:07,019:WARNING:StatReload detected file change in 'api.py'. Reloading...
2022-02-21 16:42:08,029:WARNING:The --reload flag should not be used in production on Windows.
2022-02-21 16:42:08,031:DEBUG:Using selector: SelectSelector
2022-02-21 16:42:08,212:INFO:Started server process [12516]
2022-02-21 16:42:08,213:INFO:Waiting for application startup.
2022-02-21 16:42:08,213:INFO:Application startup complete.
2022-02-21 16:44:09,033:WARNING:StatReload detected file change in 'api.py'. Reloading...
2022-02-21 16:44:09,916:WARNING:The --reload flag should not be used in production on Windows.
2022-02-21 16:44:09,916:DEBUG:Using selector: SelectSelector
2022-02-21 16:44:09,983:INFO:Started server process [12552]
2022-02-21 16:44:09,983:INFO:Waiting for application startup.
2022-02-21 16:44:09,984:INFO:Application startup complete.
2022-02-21 16:44:11,148:WARNING:StatReload detected file change in 'api.py'. Reloading...
2022-02-21 16:44:11,973:WARNING:The --reload flag should not be used in production on Windows.
2022-02-21 16:44:11,974:DEBUG:Using selector: SelectSelector
2022-02-21 16:44:12,062:INFO:Started server process [8068]
2022-02-21 16:44:12,062:INFO:Waiting for application startup.
2022-02-21 16:44:12,062:INFO:Application startup complete.
2022-02-21 16:44:24,164:WARNING:StatReload detected file change in 'api.py'. Reloading...
2022-02-21 16:44:35,667:WARNING:StatReload detected file change in 'api.py'. Reloading...
2022-02-21 16:44:56,897:WARNING:StatReload detected file change in 'api.py'. Reloading...
2022-02-21 16:44:57,657:WARNING:The --reload flag should not be used in production on Windows.
2022-02-21 16:44:57,657:DEBUG:Using selector: SelectSelector
2022-02-21 16:44:57,732:INFO:Started server process [12484]
2022-02-21 16:44:57,732:INFO:Waiting for application startup.
2022-02-21 16:44:57,732:INFO:Application startup complete.
2022-02-21 17:42:10,671:WARNING:StatReload detected file change in 'api.py'. Reloading...
2022-02-21 17:42:11,477:WARNING:The --reload flag should not be used in production on Windows.
2022-02-21 17:42:11,478:DEBUG:Using selector: SelectSelector
2022-02-21 17:42:11,547:INFO:Started server process [1648]
2022-02-21 17:42:11,547:INFO:Waiting for application startup.
2022-02-21 17:42:11,548:INFO:Application startup complete.
2022-02-21 17:42:16,998:WARNING:StatReload detected file change in 'api.py'. Reloading...
2022-02-21 17:42:17,931:WARNING:The --reload flag should not be used in production on Windows.
2022-02-21 17:42:17,931:DEBUG:Using selector: SelectSelector
2022-02-21 17:42:18,012:INFO:Started server process [3280]
2022-02-21 17:42:18,012:INFO:Waiting for application startup.
2022-02-21 17:42:18,012:INFO:Application startup complete.
2022-02-21 17:44:05,487:WARNING:StatReload detected file change in 'api.py'. Reloading...
2022-02-21 17:44:07,553:WARNING:StatReload detected file change in 'api.py'. Reloading...
2022-02-21 17:44:08,375:WARNING:The --reload flag should not be used in production on Windows.
2022-02-21 17:44:08,376:DEBUG:Using selector: SelectSelector
2022-02-21 17:44:08,562:INFO:Started server process [6016]
2022-02-21 17:44:08,562:INFO:Waiting for application startup.
2022-02-21 17:44:08,562:INFO:Application startup complete.
2022-02-21 17:44:09,639:WARNING:StatReload detected file change in 'api.py'. Reloading...
2022-02-21 17:44:11,224:WARNING:StatReload detected file change in 'api.py'. Reloading...
2022-02-21 17:44:12,242:WARNING:The --reload flag should not be used in production on Windows.
2022-02-21 17:44:12,242:DEBUG:Using selector: SelectSelector
2022-02-21 17:44:12,325:INFO:Started server process [10736]
2022-02-21 17:44:12,325:INFO:Waiting for application startup.
2022-02-21 17:44:12,325:INFO:Application startup complete.
2022-02-21 17:44:25,342:WARNING:StatReload detected file change in 'api.py'. Reloading...
2022-02-21 17:44:26,128:WARNING:The --reload flag should not be used in production on Windows.
2022-02-21 17:44:26,128:DEBUG:Using selector: SelectSelector
2022-02-21 17:44:26,209:INFO:Started server process [4564]
2022-02-21 17:44:26,209:INFO:Waiting for application startup.
2022-02-21 17:44:26,209:INFO:Application startup complete.
2022-02-21 17:44:34,740:WARNING:StatReload detected file change in 'api.py'. Reloading...
2022-02-21 17:44:37,931:WARNING:StatReload detected file change in 'api.py'. Reloading...
2022-02-21 17:44:38,456:WARNING:StatReload detected file change in 'api.py'. Reloading...
2022-02-21 17:44:39,406:WARNING:The --reload flag should not be used in production on Windows.
2022-02-21 17:44:39,406:DEBUG:Using selector: SelectSelector
2022-02-21 17:44:39,521:INFO:Started server process [11032]
2022-02-21 17:44:39,521:INFO:Waiting for application startup.
2022-02-21 17:44:39,521:INFO:Application startup complete.
2022-02-21 17:46:04,969:WARNING:StatReload detected file change in 'api.py'. Reloading...
2022-02-21 17:46:06,053:WARNING:The --reload flag should not be used in production on Windows.
2022-02-21 17:46:06,053:DEBUG:Using selector: SelectSelector
2022-02-21 17:46:06,126:INFO:Started server process [13144]
2022-02-21 17:46:06,127:INFO:Waiting for application startup.
2022-02-21 17:46:06,127:INFO:Application startup complete.
2022-02-21 17:46:31,912:WARNING:StatReload detected file change in 'api.py'. Reloading...
2022-02-21 17:46:32,857:WARNING:The --reload flag should not be used in production on Windows.
2022-02-21 17:46:32,857:DEBUG:Using selector: SelectSelector
2022-02-21 17:46:32,969:INFO:Started server process [10732]
2022-02-21 17:46:32,969:INFO:Waiting for application startup.
2022-02-21 17:46:32,970:INFO:Application startup complete.
2022-02-21 17:49:09,463:WARNING:StatReload detected file change in 'models\produit.py'. Reloading...
2022-02-21 17:49:10,476:WARNING:The --reload flag should not be used in production on Windows.
2022-02-21 17:49:10,477:DEBUG:Using selector: SelectSelector
2022-02-21 17:49:10,641:INFO:Started server process [12120]
2022-02-21 17:49:10,641:INFO:Waiting for application startup.
2022-02-21 17:49:10,642:INFO:Application startup complete.
2022-02-21 17:49:13,402:WARNING:StatReload detected file change in 'models\produit.py'. Reloading...
2022-02-21 17:49:14,336:WARNING:The --reload flag should not be used in production on Windows.
2022-02-21 17:49:14,336:DEBUG:Using selector: SelectSelector
2022-02-21 17:49:14,413:INFO:Started server process [10828]
2022-02-21 17:49:14,413:INFO:Waiting for application startup.
2022-02-21 17:49:14,413:INFO:Application startup complete.
2022-02-21 17:53:16,536:WARNING:StatReload detected file change in 'models\produit.py'. Reloading...
2022-02-21 17:53:17,556:WARNING:The --reload flag should not be used in production on Windows.
2022-02-21 17:53:17,556:DEBUG:Using selector: SelectSelector
2022-02-21 17:53:17,620:INFO:Started server process [10688]
2022-02-21 17:53:17,620:INFO:Waiting for application startup.
2022-02-21 17:53:17,620:INFO:Application startup complete.
2022-02-21 17:53:25,463:WARNING:StatReload detected file change in 'models\produit.py'. Reloading...
2022-02-21 17:53:26,319:WARNING:The --reload flag should not be used in production on Windows.
2022-02-21 17:53:26,320:DEBUG:Using selector: SelectSelector
2022-02-21 17:53:26,404:INFO:Started server process [4564]
2022-02-21 17:53:26,404:INFO:Waiting for application startup.
2022-02-21 17:53:26,404:INFO:Application startup complete.
2022-02-21 17:53:28,353:WARNING:StatReload detected file change in 'models\produit.py'. Reloading...
2022-02-21 17:53:29,328:WARNING:The --reload flag should not be used in production on Windows.
2022-02-21 17:53:29,328:DEBUG:Using selector: SelectSelector
2022-02-21 17:53:29,401:INFO:Started server process [8956]
2022-02-21 17:53:29,401:INFO:Waiting for application startup.
2022-02-21 17:53:29,401:INFO:Application startup complete.
2022-02-21 17:53:30,453:WARNING:StatReload detected file change in 'models\produit.py'. Reloading...
2022-02-21 17:53:31,435:WARNING:The --reload flag should not be used in production on Windows.
2022-02-21 17:53:31,435:DEBUG:Using selector: SelectSelector
2022-02-21 17:53:31,494:INFO:Started server process [7264]
2022-02-21 17:53:31,500:INFO:Waiting for application startup.
2022-02-21 17:53:31,500:INFO:Application startup complete.
2022-02-21 17:53:35,181:WARNING:StatReload detected file change in 'models\produit.py'. Reloading...
2022-02-21 17:53:36,217:WARNING:The --reload flag should not be used in production on Windows.
2022-02-21 17:53:36,218:DEBUG:Using selector: SelectSelector
2022-02-21 17:53:36,312:INFO:Started server process [5148]
2022-02-21 17:53:36,312:INFO:Waiting for application startup.
2022-02-21 17:53:36,312:INFO:Application startup complete.
2022-02-21 17:53:36,763:WARNING:StatReload detected file change in 'models\produit.py'. Reloading...
2022-02-21 17:53:37,791:WARNING:The --reload flag should not be used in production on Windows.
2022-02-21 17:53:37,791:DEBUG:Using selector: SelectSelector
2022-02-21 17:53:37,852:INFO:Started server process [8168]
2022-02-21 17:53:37,852:INFO:Waiting for application startup.
2022-02-21 17:53:37,861:INFO:Application startup complete.
2022-02-21 17:53:48,616:WARNING:StatReload detected file change in 'models\produit.py'. Reloading...
2022-02-21 17:53:49,452:WARNING:The --reload flag should not be used in production on Windows.
2022-02-21 17:53:49,453:DEBUG:Using selector: SelectSelector
2022-02-21 17:53:49,524:INFO:Started server process [7808]
2022-02-21 17:53:49,524:INFO:Waiting for application startup.
2022-02-21 17:53:49,524:INFO:Application startup complete.
2022-02-21 17:53:49,948:WARNING:StatReload detected file change in 'models\produit.py'. Reloading...
2022-02-21 17:53:51,000:WARNING:The --reload flag should not be used in production on Windows.
2022-02-21 17:53:51,000:DEBUG:Using selector: SelectSelector
2022-02-21 17:53:51,099:INFO:Started server process [9640]
2022-02-21 17:53:51,099:INFO:Waiting for application startup.
2022-02-21 17:53:51,101:INFO:Application startup complete.
2022-02-21 17:54:15,306:WARNING:StatReload detected file change in 'models\produit.py'. Reloading...
2022-02-21 17:54:16,350:WARNING:The --reload flag should not be used in production on Windows.
2022-02-21 17:54:16,351:DEBUG:Using selector: SelectSelector
2022-02-21 17:54:16,490:INFO:Started server process [6992]
2022-02-21 17:54:16,490:INFO:Waiting for application startup.
2022-02-21 17:54:16,491:INFO:Application startup complete.
2022-02-21 17:54:28,619:WARNING:StatReload detected file change in 'models\produit.py'. Reloading...
2022-02-21 17:54:29,727:WARNING:The --reload flag should not be used in production on Windows.
2022-02-21 17:54:29,727:DEBUG:Using selector: SelectSelector
2022-02-21 17:54:29,881:INFO:Started server process [2768]
2022-02-21 17:54:29,881:INFO:Waiting for application startup.
2022-02-21 17:54:29,881:INFO:Application startup complete.
2022-02-21 17:54:31,031:WARNING:StatReload detected file change in 'models\produit.py'. Reloading...
2022-02-21 17:54:32,049:WARNING:The --reload flag should not be used in production on Windows.
2022-02-21 17:54:32,049:DEBUG:Using selector: SelectSelector
2022-02-21 17:54:32,142:INFO:Started server process [4564]
2022-02-21 17:54:32,142:INFO:Waiting for application startup.
2022-02-21 17:54:32,142:INFO:Application startup complete.
2022-02-21 17:54:34,944:WARNING:StatReload detected file change in 'models\produit.py'. Reloading...
2022-02-21 17:54:35,886:WARNING:The --reload flag should not be used in production on Windows.
2022-02-21 17:54:35,886:DEBUG:Using selector: SelectSelector
2022-02-21 17:54:36,029:INFO:Started server process [1848]
2022-02-21 17:54:36,030:INFO:Waiting for application startup.
2022-02-21 17:54:36,030:INFO:Application startup complete.
2022-02-21 17:54:36,529:WARNING:StatReload detected file change in 'models\produit.py'. Reloading...
2022-02-21 17:54:37,242:WARNING:The --reload flag should not be used in production on Windows.
2022-02-21 17:54:37,242:DEBUG:Using selector: SelectSelector
2022-02-21 17:54:37,326:INFO:Started server process [11240]
2022-02-21 17:54:37,327:INFO:Waiting for application startup.
2022-02-21 17:54:37,327:INFO:Application startup complete.
2022-02-21 17:54:45,701:WARNING:StatReload detected file change in 'models\produit.py'. Reloading...
2022-02-21 17:54:46,631:WARNING:The --reload flag should not be used in production on Windows.
2022-02-21 17:54:46,631:DEBUG:Using selector: SelectSelector
2022-02-21 17:54:46,706:INFO:Started server process [11520]
2022-02-21 17:54:46,707:INFO:Waiting for application startup.
2022-02-21 17:54:46,707:INFO:Application startup complete.
2022-02-21 17:54:55,139:WARNING:StatReload detected file change in 'models\produit.py'. Reloading...
2022-02-21 17:54:55,914:WARNING:The --reload flag should not be used in production on Windows.
2022-02-21 17:54:55,914:DEBUG:Using selector: SelectSelector
2022-02-21 17:54:56,006:INFO:Started server process [13040]
2022-02-21 17:54:56,006:INFO:Waiting for application startup.
2022-02-21 17:54:56,006:INFO:Application startup complete.
2022-02-21 17:55:15,051:WARNING:StatReload detected file change in 'models\produit.py'. Reloading...
2022-02-21 17:55:15,995:WARNING:The --reload flag should not be used in production on Windows.
2022-02-21 17:55:15,995:DEBUG:Using selector: SelectSelector
2022-02-21 17:55:16,114:INFO:Started server process [7084]
2022-02-21 17:55:16,115:INFO:Waiting for application startup.
2022-02-21 17:55:16,115:INFO:Application startup complete.
2022-02-21 17:55:18,925:WARNING:StatReload detected file change in 'models\produit.py'. Reloading...
2022-02-21 17:55:19,719:WARNING:The --reload flag should not be used in production on Windows.
2022-02-21 17:55:19,720:DEBUG:Using selector: SelectSelector
2022-02-21 17:55:19,825:INFO:Started server process [2768]
2022-02-21 17:55:19,825:INFO:Waiting for application startup.
2022-02-21 17:55:19,825:INFO:Application startup complete.
2022-02-21 17:55:20,763:WARNING:StatReload detected file change in 'models\produit.py'. Reloading...
2022-02-21 17:55:21,586:WARNING:The --reload flag should not be used in production on Windows.
2022-02-21 17:55:21,587:DEBUG:Using selector: SelectSelector
2022-02-21 17:55:21,669:INFO:Started server process [1392]
2022-02-21 17:55:21,670:INFO:Waiting for application startup.
2022-02-21 17:55:21,670:INFO:Application startup complete.
2022-02-21 17:55:22,612:WARNING:StatReload detected file change in 'models\produit.py'. Reloading...
2022-02-21 17:55:23,706:WARNING:The --reload flag should not be used in production on Windows.
2022-02-21 17:55:23,706:DEBUG:Using selector: SelectSelector
2022-02-21 17:55:23,794:INFO:Started server process [1836]
2022-02-21 17:55:23,794:INFO:Waiting for application startup.
2022-02-21 17:55:23,800:INFO:Application startup complete.
2022-02-21 17:55:26,031:WARNING:StatReload detected file change in 'models\produit.py'. Reloading...
2022-02-21 17:55:26,848:WARNING:StatReload detected file change in 'models\produit.py'. Reloading...
2022-02-21 17:55:27,622:WARNING:The --reload flag should not be used in production on Windows.
2022-02-21 17:55:27,622:DEBUG:Using selector: SelectSelector
2022-02-21 17:55:27,695:INFO:Started server process [4480]
2022-02-21 17:55:27,695:INFO:Waiting for application startup.
2022-02-21 17:55:27,695:INFO:Application startup complete.
2022-02-21 17:56:17,185:WARNING:StatReload detected file change in 'models\produit.py'. Reloading...
2022-02-21 17:56:17,978:WARNING:The --reload flag should not be used in production on Windows.
2022-02-21 17:56:17,978:DEBUG:Using selector: SelectSelector
2022-02-21 17:56:18,052:INFO:Started server process [4828]
2022-02-21 17:56:18,052:INFO:Waiting for application startup.
2022-02-21 17:56:18,052:INFO:Application startup complete.
2022-02-21 17:56:20,888:WARNING:StatReload detected file change in 'models\produit.py'. Reloading...
2022-02-21 17:56:21,951:WARNING:The --reload flag should not be used in production on Windows.
2022-02-21 17:56:21,951:DEBUG:Using selector: SelectSelector
2022-02-21 17:56:22,187:INFO:Started server process [9720]
2022-02-21 17:56:22,187:INFO:Waiting for application startup.
2022-02-21 17:56:22,187:INFO:Application startup complete.
2022-02-21 17:56:22,735:WARNING:StatReload detected file change in 'models\produit.py'. Reloading...
2022-02-21 17:56:23,728:WARNING:The --reload flag should not be used in production on Windows.
2022-02-21 17:56:23,728:DEBUG:Using selector: SelectSelector
2022-02-21 17:56:23,792:INFO:Started server process [9816]
2022-02-21 17:56:23,792:INFO:Waiting for application startup.
2022-02-21 17:56:23,792:INFO:Application startup complete.
2022-02-21 17:56:29,853:WARNING:StatReload detected file change in 'models\produit.py'. Reloading...
2022-02-21 17:56:31,065:WARNING:The --reload flag should not be used in production on Windows.
2022-02-21 17:56:31,066:DEBUG:Using selector: SelectSelector
2022-02-21 17:56:31,158:INFO:Started server process [796]
2022-02-21 17:56:31,158:INFO:Waiting for application startup.
2022-02-21 17:56:31,159:INFO:Application startup complete.
2022-02-21 17:56:37,316:WARNING:StatReload detected file change in 'models\produit.py'. Reloading...
2022-02-21 17:56:38,129:WARNING:The --reload flag should not be used in production on Windows.
2022-02-21 17:56:38,129:DEBUG:Using selector: SelectSelector
2022-02-21 17:56:38,198:INFO:Started server process [11436]
2022-02-21 17:56:38,198:INFO:Waiting for application startup.
2022-02-21 17:56:38,198:INFO:Application startup complete.
2022-02-21 17:56:47,134:WARNING:StatReload detected file change in 'models\produit.py'. Reloading...
2022-02-21 17:56:48,128:WARNING:The --reload flag should not be used in production on Windows.
2022-02-21 17:56:48,128:DEBUG:Using selector: SelectSelector
2022-02-21 17:56:48,220:INFO:Started server process [7968]
2022-02-21 17:56:48,220:INFO:Waiting for application startup.
2022-02-21 17:56:48,220:INFO:Application startup complete.
2022-02-21 17:56:51,630:WARNING:StatReload detected file change in 'models\produit.py'. Reloading...
2022-02-21 17:56:52,552:WARNING:The --reload flag should not be used in production on Windows.
2022-02-21 17:56:52,552:DEBUG:Using selector: SelectSelector
2022-02-21 17:56:52,629:INFO:Started server process [12244]
2022-02-21 17:56:52,629:INFO:Waiting for application startup.
2022-02-21 17:56:52,629:INFO:Application startup complete.
2022-02-21 17:56:57,661:WARNING:StatReload detected file change in 'models\produit.py'. Reloading...
2022-02-21 17:56:58,520:WARNING:The --reload flag should not be used in production on Windows.
2022-02-21 17:56:58,520:DEBUG:Using selector: SelectSelector
2022-02-21 17:56:58,603:INFO:Started server process [6228]
2022-02-21 17:56:58,603:INFO:Waiting for application startup.
2022-02-21 17:56:58,603:INFO:Application startup complete.
2022-02-21 17:56:59,735:WARNING:StatReload detected file change in 'models\produit.py'. Reloading...
2022-02-21 17:57:00,603:WARNING:The --reload flag should not be used in production on Windows.
2022-02-21 17:57:00,603:DEBUG:Using selector: SelectSelector
2022-02-21 17:57:00,718:INFO:Started server process [7164]
2022-02-21 17:57:00,718:INFO:Waiting for application startup.
2022-02-21 17:57:00,718:INFO:Application startup complete.
2022-02-21 17:57:01,288:WARNING:StatReload detected file change in 'models\produit.py'. Reloading...
2022-02-21 17:57:02,097:WARNING:The --reload flag should not be used in production on Windows.
2022-02-21 17:57:02,097:DEBUG:Using selector: SelectSelector
2022-02-21 17:57:02,180:INFO:Started server process [11240]
2022-02-21 17:57:02,180:INFO:Waiting for application startup.
2022-02-21 17:57:02,181:INFO:Application startup complete.
2022-02-21 17:57:05,220:WARNING:StatReload detected file change in 'models\produit.py'. Reloading...
2022-02-21 17:57:05,960:WARNING:The --reload flag should not be used in production on Windows.
2022-02-21 17:57:05,960:DEBUG:Using selector: SelectSelector
2022-02-21 17:57:06,034:INFO:Started server process [3880]
2022-02-21 17:57:06,034:INFO:Waiting for application startup.
2022-02-21 17:57:06,034:INFO:Application startup complete.
2022-02-21 17:57:54,072:WARNING:StatReload detected file change in 'models\produit.py'. Reloading...
2022-02-21 17:57:54,979:WARNING:The --reload flag should not be used in production on Windows.
2022-02-21 17:57:54,979:DEBUG:Using selector: SelectSelector
2022-02-21 17:57:55,053:INFO:Started server process [12028]
2022-02-21 17:57:55,053:INFO:Waiting for application startup.
2022-02-21 17:57:55,053:INFO:Application startup complete.
2022-02-21 17:57:57,756:WARNING:StatReload detected file change in 'models\produit.py'. Reloading...
2022-02-21 17:57:58,516:WARNING:The --reload flag should not be used in production on Windows.
2022-02-21 17:57:58,516:DEBUG:Using selector: SelectSelector
2022-02-21 17:57:58,617:INFO:Started server process [4368]
2022-02-21 17:57:58,617:INFO:Waiting for application startup.
2022-02-21 17:57:58,617:INFO:Application startup complete.
2022-02-21 18:02:33,411:WARNING:StatReload detected file change in 'models\produit.py'. Reloading...
2022-02-21 18:02:34,499:WARNING:The --reload flag should not be used in production on Windows.
2022-02-21 18:02:34,500:DEBUG:Using selector: SelectSelector
2022-02-21 18:02:34,565:INFO:Started server process [11904]
2022-02-21 18:02:34,565:INFO:Waiting for application startup.
2022-02-21 18:02:34,565:INFO:Application startup complete.
2022-02-21 18:02:57,174:WARNING:StatReload detected file change in 'models\produit.py'. Reloading...
2022-02-21 18:02:58,036:WARNING:The --reload flag should not be used in production on Windows.
2022-02-21 18:02:58,037:DEBUG:Using selector: SelectSelector
2022-02-21 18:02:58,113:INFO:Started server process [5592]
2022-02-21 18:02:58,113:INFO:Waiting for application startup.
2022-02-21 18:02:58,113:INFO:Application startup complete.
2022-02-21 18:03:05,344:WARNING:StatReload detected file change in 'models\produit.py'. Reloading...
2022-02-21 18:03:06,075:WARNING:The --reload flag should not be used in production on Windows.
2022-02-21 18:03:06,075:DEBUG:Using selector: SelectSelector
2022-02-21 18:03:06,156:INFO:Started server process [6220]
2022-02-21 18:03:06,157:INFO:Waiting for application startup.
2022-02-21 18:03:06,157:INFO:Application startup complete.
2022-02-21 18:03:15,279:WARNING:StatReload detected file change in 'models\produit.py'. Reloading...
2022-02-21 18:03:16,295:WARNING:The --reload flag should not be used in production on Windows.
2022-02-21 18:03:16,296:DEBUG:Using selector: SelectSelector
2022-02-21 18:03:16,372:INFO:Started server process [2780]
2022-02-21 18:03:16,372:INFO:Waiting for application startup.
2022-02-21 18:03:16,372:INFO:Application startup complete.
2022-02-21 18:03:55,698:WARNING:StatReload detected file change in 'models\produit.py'. Reloading...
2022-02-21 18:03:56,627:WARNING:The --reload flag should not be used in production on Windows.
2022-02-21 18:03:56,627:DEBUG:Using selector: SelectSelector
2022-02-21 18:03:56,713:INFO:Started server process [8856]
2022-02-21 18:03:56,713:INFO:Waiting for application startup.
2022-02-21 18:03:56,713:INFO:Application startup complete.
2022-02-21 18:04:40,437:WARNING:StatReload detected file change in 'models\produit.py'. Reloading...
2022-02-21 18:04:41,473:WARNING:The --reload flag should not be used in production on Windows.
2022-02-21 18:04:41,475:DEBUG:Using selector: SelectSelector
2022-02-21 18:04:41,555:INFO:Started server process [12848]
2022-02-21 18:04:41,555:INFO:Waiting for application startup.
2022-02-21 18:04:41,555:INFO:Application startup complete.
2022-02-21 18:04:45,978:WARNING:StatReload detected file change in 'models\produit.py'. Reloading...
2022-02-21 18:04:46,761:WARNING:The --reload flag should not be used in production on Windows.
2022-02-21 18:04:46,761:DEBUG:Using selector: SelectSelector
2022-02-21 18:04:46,822:INFO:Started server process [10504]
2022-02-21 18:04:46,822:INFO:Waiting for application startup.
2022-02-21 18:04:46,822:INFO:Application startup complete.
2022-02-21 18:04:53,021:WARNING:StatReload detected file change in 'models\produit.py'. Reloading...
2022-02-21 18:04:53,923:WARNING:The --reload flag should not be used in production on Windows.
2022-02-21 18:04:53,923:DEBUG:Using selector: SelectSelector
2022-02-21 18:04:54,006:INFO:Started server process [6228]
2022-02-21 18:04:54,006:INFO:Waiting for application startup.
2022-02-21 18:04:54,006:INFO:Application startup complete.
2022-02-21 18:05:00,336:WARNING:StatReload detected file change in 'models\produit.py'. Reloading...
2022-02-21 18:05:01,165:WARNING:The --reload flag should not be used in production on Windows.
2022-02-21 18:05:01,166:DEBUG:Using selector: SelectSelector
2022-02-21 18:05:01,240:INFO:Started server process [9276]
2022-02-21 18:05:01,240:INFO:Waiting for application startup.
2022-02-21 18:05:01,240:INFO:Application startup complete.
2022-02-21 18:05:08,437:WARNING:StatReload detected file change in 'models\produit.py'. Reloading...
2022-02-21 18:05:09,413:WARNING:The --reload flag should not be used in production on Windows.
2022-02-21 18:05:09,413:DEBUG:Using selector: SelectSelector
2022-02-21 18:05:09,508:INFO:Started server process [3136]
2022-02-21 18:05:09,508:INFO:Waiting for application startup.
2022-02-21 18:05:09,508:INFO:Application startup complete.
2022-02-21 18:06:01,344:WARNING:StatReload detected file change in 'models\produit.py'. Reloading...
2022-02-21 18:06:02,277:WARNING:The --reload flag should not be used in production on Windows.
2022-02-21 18:06:02,277:DEBUG:Using selector: SelectSelector
2022-02-21 18:06:02,337:INFO:Started server process [2328]
2022-02-21 18:06:02,337:INFO:Waiting for application startup.
2022-02-21 18:06:02,337:INFO:Application startup complete.
2022-02-21 18:06:08,743:WARNING:StatReload detected file change in 'models\produit.py'. Reloading...
2022-02-21 18:06:09,477:WARNING:The --reload flag should not be used in production on Windows.
2022-02-21 18:06:09,479:DEBUG:Using selector: SelectSelector
2022-02-21 18:06:09,551:INFO:Started server process [10588]
2022-02-21 18:06:09,551:INFO:Waiting for application startup.
2022-02-21 18:06:09,551:INFO:Application startup complete.
2022-02-21 18:06:28,294:WARNING:StatReload detected file change in 'models\produit.py'. Reloading...
2022-02-21 18:06:28,921:WARNING:The --reload flag should not be used in production on Windows.
2022-02-21 18:06:28,921:DEBUG:Using selector: SelectSelector
2022-02-21 18:06:28,978:INFO:Started server process [12796]
2022-02-21 18:06:28,978:INFO:Waiting for application startup.
2022-02-21 18:06:28,986:INFO:Application startup complete.
2022-02-21 18:06:29,136:WARNING:StatReload detected file change in 'models\produit.py'. Reloading...
2022-02-21 18:06:29,935:WARNING:The --reload flag should not be used in production on Windows.
2022-02-21 18:06:29,935:DEBUG:Using selector: SelectSelector
2022-02-21 18:06:30,044:INFO:Started server process [4716]
2022-02-21 18:06:30,044:INFO:Waiting for application startup.
2022-02-21 18:06:30,044:INFO:Application startup complete.
2022-02-21 18:07:01,235:WARNING:StatReload detected file change in 'models\produit.py'. Reloading...
2022-02-21 18:07:02,413:WARNING:The --reload flag should not be used in production on Windows.
2022-02-21 18:07:02,413:DEBUG:Using selector: SelectSelector
2022-02-21 18:07:02,495:INFO:Started server process [10736]
2022-02-21 18:07:02,495:INFO:Waiting for application startup.
2022-02-21 18:07:02,496:INFO:Application startup complete.
2022-02-21 18:09:13,397:WARNING:StatReload detected file change in 'models\produit.py'. Reloading...
2022-02-21 18:09:14,178:WARNING:The --reload flag should not be used in production on Windows.
2022-02-21 18:09:14,178:DEBUG:Using selector: SelectSelector
2022-02-21 18:09:14,269:INFO:Started server process [13144]
2022-02-21 18:09:14,269:INFO:Waiting for application startup.
2022-02-21 18:09:14,269:INFO:Application startup complete.
2022-02-21 18:11:25,208:WARNING:StatReload detected file change in 'models\produit.py'. Reloading...
2022-02-21 18:11:26,050:WARNING:The --reload flag should not be used in production on Windows.
2022-02-21 18:11:26,050:DEBUG:Using selector: SelectSelector
2022-02-21 18:11:26,113:INFO:Started server process [7496]
2022-02-21 18:11:26,113:INFO:Waiting for application startup.
2022-02-21 18:11:26,113:INFO:Application startup complete.
2022-02-21 18:11:48,186:WARNING:StatReload detected file change in 'models\produit.py'. Reloading...
2022-02-21 18:11:48,799:WARNING:The --reload flag should not be used in production on Windows.
2022-02-21 18:11:48,799:DEBUG:Using selector: SelectSelector
2022-02-21 18:11:48,871:INFO:Started server process [1648]
2022-02-21 18:11:48,872:INFO:Waiting for application startup.
2022-02-21 18:11:48,872:INFO:Application startup complete.
2022-02-21 18:11:58,436:WARNING:StatReload detected file change in 'models\produit.py'. Reloading...
2022-02-21 18:11:59,179:WARNING:The --reload flag should not be used in production on Windows.
2022-02-21 18:11:59,179:DEBUG:Using selector: SelectSelector
2022-02-21 18:11:59,237:INFO:Started server process [6868]
2022-02-21 18:11:59,237:INFO:Waiting for application startup.
2022-02-21 18:11:59,237:INFO:Application startup complete.
2022-02-21 18:12:17,206:WARNING:StatReload detected file change in 'models\produit.py'. Reloading...
2022-02-21 18:12:18,102:WARNING:The --reload flag should not be used in production on Windows.
2022-02-21 18:12:18,103:DEBUG:Using selector: SelectSelector
2022-02-21 18:12:18,184:INFO:Started server process [9676]
2022-02-21 18:12:18,184:INFO:Waiting for application startup.
2022-02-21 18:12:18,184:INFO:Application startup complete.
2022-02-21 18:12:48,767:WARNING:StatReload detected file change in 'models\produit.py'. Reloading...
2022-02-21 18:12:49,496:WARNING:The --reload flag should not be used in production on Windows.
2022-02-21 18:12:49,496:DEBUG:Using selector: SelectSelector
2022-02-21 18:12:49,568:INFO:Started server process [7392]
2022-02-21 18:12:49,568:INFO:Waiting for application startup.
2022-02-21 18:12:49,568:INFO:Application startup complete.
2022-02-21 18:13:04,978:WARNING:StatReload detected file change in 'models\produit.py'. Reloading...
2022-02-21 18:13:05,872:WARNING:The --reload flag should not be used in production on Windows.
2022-02-21 18:13:05,877:DEBUG:Using selector: SelectSelector
2022-02-21 18:13:05,966:INFO:Started server process [5456]
2022-02-21 18:13:05,966:INFO:Waiting for application startup.
2022-02-21 18:13:05,966:INFO:Application startup complete.
2022-02-21 18:13:15,162:WARNING:StatReload detected file change in 'models\produit.py'. Reloading...
2022-02-21 18:13:16,021:WARNING:The --reload flag should not be used in production on Windows.
2022-02-21 18:13:16,022:DEBUG:Using selector: SelectSelector
2022-02-21 18:13:16,092:INFO:Started server process [7204]
2022-02-21 18:13:16,092:INFO:Waiting for application startup.
2022-02-21 18:13:16,093:INFO:Application startup complete.
2022-02-21 18:13:48,843:WARNING:StatReload detected file change in 'models\produit.py'. Reloading...
2022-02-21 18:13:49,722:WARNING:The --reload flag should not be used in production on Windows.
2022-02-21 18:13:49,722:DEBUG:Using selector: SelectSelector
2022-02-21 18:13:49,794:INFO:Started server process [10332]
2022-02-21 18:13:49,794:INFO:Waiting for application startup.
2022-02-21 18:13:49,794:INFO:Application startup complete.
2022-02-21 18:15:34,890:INFO:Shutting down
2022-02-21 18:15:34,926:INFO:Stopping reloader process [10668]
